2017-10-08 15:40 -04:00: /media/larry/B89880DC98809B10/WebApps/Chingus/ChinguTeams/Voyage2-Bears-10/server/express.js:11
  app.use(express.static('client/build'));
          ^

ReferenceError: express is not defined
    at Object.<anonymous> (/media/larry/B89880DC98809B10/WebApps/Chingus/ChinguTeams/Voyage2-Bears-10/server/express.js:11:11)
    at Module._compile (module.js:624:30)
    at Object.Module._extensions..js (module.js:635:10)
    at Module.load (module.js:545:32)
    at tryModuleLoad (module.js:508:12)
    at Function.Module._load (module.js:500:3)
    at Module.require (module.js:568:17)
    at require (internal/module.js:11:18)
    at Object.<anonymous> (/media/larry/B89880DC98809B10/WebApps/Chingus/ChinguTeams/Voyage2-Bears-10/server/index.js:2:13)
    at Module._compile (module.js:624:30)
2017-10-08 15:40 -04:00: npm 2017-10-08 15:40 -04:00: ERR! code ELIFECYCLE
npm ERR! errno 1
npm ERR! voyage2-bears-team-10@1.0.0 start: `node index.js`
npm ERR!2017-10-08 15:40 -04:00:  Exit status 1
npm ERR! 
npm ERR! Failed at the voyage2-bears-team-10@1.0.0 start script.
npm2017-10-08 15:40 -04:00:  ERR! This is probably not a problem with npm. There is likely additional logging output above.
2017-10-08 15:40 -04:00: 
2017-10-08 15:40 -04:00: npm ERR! A complete log of this run can be found in:
npm ERR!     /home/larry/.npm/_logs/2017-10-08T19_40_12_808Z-debug.log
2017-10-08 15:40 -04:00: /media/larry/B89880DC98809B10/WebApps/Chingus/ChinguTeams/Voyage2-Bears-10/server/express.js:11
  app.use(express.static('client/build'));
          ^

ReferenceError: express is not defined
    at Object.<anonymous> (/media/larry/B89880DC98809B10/WebApps/Chingus/ChinguTeams/Voyage2-Bears-10/server/express.js:11:11)
    at Module._compile (module.js:624:30)
    at Object.Module._extensions..js (module.js:635:10)
    at Module.load (module.js:545:32)
    at tryModuleLoad (module.js:508:12)
    at Function.Module._load (module.js:500:3)
    at Module.require (module.js:568:17)
    at require (internal/module.js:11:18)
    at Object.<anonymous> (/media/larry/B89880DC98809B10/WebApps/Chingus/ChinguTeams/Voyage2-Bears-10/server/index.js:2:13)
    at Module._compile (module.js:624:30)
2017-10-08 15:40 -04:00: npm2017-10-08 15:40 -04:00:  ERR! code ELIFECYCLE
npm ERR! errno 1
npm ERR!2017-10-08 15:40 -04:00:  voyage2-bears-team-10@1.0.0 start: `node index.js`
npm ERR! Exit status 1
npm ERR! 
2017-10-08 15:40 -04:00: npm ERR! Failed at the voyage2-bears-team-10@1.0.0 start script.
npm ERR! This is probably not a problem with npm. There is likely additional logging output above.
2017-10-08 15:40 -04:00: 
2017-10-08 15:40 -04:00: npm ERR! A complete log of this run can be found in:
npm ERR!     /home/larry/.npm/_logs/2017-10-08T19_40_13_167Z-debug.log
2017-10-08 15:40 -04:00: /media/larry/B89880DC98809B10/WebApps/Chingus/ChinguTeams/Voyage2-Bears-10/server/express.js:11
  app.use(express.static('client/build'));
          ^

ReferenceError: express is not defined
    at Object.<anonymous> (/media/larry/B89880DC98809B10/WebApps/Chingus/ChinguTeams/Voyage2-Bears-10/server/express.js:11:11)
    at Module._compile (module.js:624:30)
    at Object.Module._extensions..js (module.js:635:10)
    at Module.load (module.js:545:32)
    at tryModuleLoad (module.js:508:12)
    at Function.Module._load (module.js:500:3)
    at Module.require (module.js:568:17)
    at require (internal/module.js:11:18)
    at Object.<anonymous> (/media/larry/B89880DC98809B10/WebApps/Chingus/ChinguTeams/Voyage2-Bears-10/server/index.js:2:13)
    at Module._compile (module.js:624:30)
2017-10-08 15:40 -04:00: npm 2017-10-08 15:40 -04:00: ERR! code ELIFECYCLE
npm ERR! errno 1
npm ERR! voyage2-bears-team-10@1.0.0 start: `node index.js`
npm ERR! Exit status 1
2017-10-08 15:40 -04:00: npm ERR! 
npm ERR! Failed at the voyage2-bears-team-10@1.0.0 start script.
2017-10-08 15:40 -04:00: npm ERR! This is probably not a problem with npm. There is likely additional logging output above.
2017-10-08 15:40 -04:00: 
2017-10-08 15:40 -04:00: npm ERR! A complete log of this run can be found in:
npm ERR!     /home/larry/.npm/_logs/2017-10-08T19_40_13_536Z-debug.log
2017-10-08 15:40 -04:00: /media/larry/B89880DC98809B10/WebApps/Chingus/ChinguTeams/Voyage2-Bears-10/server/express.js:11
  app.use(express.static('client/build'));
          ^

ReferenceError: express is not defined
    at Object.<anonymous> (/media/larry/B89880DC98809B10/WebApps/Chingus/ChinguTeams/Voyage2-Bears-10/server/express.js:11:11)
    at Module._compile (module.js:624:30)
    at Object.Module._extensions..js (module.js:635:10)
    at Module.load (module.js:545:32)
    at tryModuleLoad (module.js:508:12)
    at Function.Module._load (module.js:500:3)
    at Module.require (module.js:568:17)
    at require (internal/module.js:11:18)
    at Object.<anonymous> (/media/larry/B89880DC98809B10/WebApps/Chingus/ChinguTeams/Voyage2-Bears-10/server/index.js:2:13)
    at Module._compile (module.js:624:30)
2017-10-08 15:40 -04:00: npm2017-10-08 15:40 -04:00:  2017-10-08 15:40 -04:00: ERR!2017-10-08 15:40 -04:00:  2017-10-08 15:40 -04:00: code2017-10-08 15:40 -04:00:  ELIFECYCLE
2017-10-08 15:40 -04:00: npm2017-10-08 15:40 -04:00:  2017-10-08 15:40 -04:00: ERR! errno 1
npm ERR! voyage2-bears-team-10@1.0.0 start: `node index.js`
npm2017-10-08 15:40 -04:00:  ERR! Exit status 1
npm ERR! 
npm ERR!2017-10-08 15:40 -04:00:  Failed at the voyage2-bears-team-10@1.0.0 start script.
npm ERR! This is probably not a problem with npm. There is likely additional logging output above.
2017-10-08 15:40 -04:00: 
2017-10-08 15:40 -04:00: npm2017-10-08 15:40 -04:00:  2017-10-08 15:40 -04:00: ERR!2017-10-08 15:40 -04:00:  A complete log of this run can be found in:
2017-10-08 15:40 -04:00: npm2017-10-08 15:40 -04:00:  2017-10-08 15:40 -04:00: ERR!2017-10-08 15:40 -04:00:      /home/larry/.npm/_logs/2017-10-08T19_40_13_912Z-debug.log
2017-10-08 15:40 -04:00: /media/larry/B89880DC98809B10/WebApps/Chingus/ChinguTeams/Voyage2-Bears-10/server/express.js:11
  app.use(express.static('client/build'));
          ^

ReferenceError: express is not defined
    at Object.<anonymous> (/media/larry/B89880DC98809B10/WebApps/Chingus/ChinguTeams/Voyage2-Bears-10/server/express.js:11:11)
    at Module._compile (module.js:624:30)
    at Object.Module._extensions..js (module.js:635:10)
    at Module.load (module.js:545:32)
    at tryModuleLoad (module.js:508:12)
    at Function.Module._load (module.js:500:3)
    at Module.require (module.js:568:17)
    at require (internal/module.js:11:18)
    at Object.<anonymous> (/media/larry/B89880DC98809B10/WebApps/Chingus/ChinguTeams/Voyage2-Bears-10/server/index.js:2:13)
    at Module._compile (module.js:624:30)
2017-10-08 15:40 -04:00: npm2017-10-08 15:40 -04:00:  2017-10-08 15:40 -04:00: ERR! 2017-10-08 15:40 -04:00: code ELIFECYCLE
npm ERR! errno 1
npm2017-10-08 15:40 -04:00:  ERR! voyage2-bears-team-10@1.0.0 start: `node index.js`
npm ERR! Exit status 1
npm ERR!2017-10-08 15:40 -04:00:  
npm ERR! Failed at the voyage2-bears-team-10@1.0.0 start script.
npm ERR!2017-10-08 15:40 -04:00:  This is probably not a problem with npm. There is likely additional logging output above.
2017-10-08 15:40 -04:00: 
2017-10-08 15:40 -04:00: npm ERR! A complete log of this run can be found in:
npm ERR!     /home/larry/.npm/_logs/2017-10-08T19_40_14_287Z-debug.log
2017-10-08 15:40 -04:00: /media/larry/B89880DC98809B10/WebApps/Chingus/ChinguTeams/Voyage2-Bears-10/server/express.js:11
  app.use(express.static('client/build'));
          ^

ReferenceError: express is not defined
    at Object.<anonymous> (/media/larry/B89880DC98809B10/WebApps/Chingus/ChinguTeams/Voyage2-Bears-10/server/express.js:11:11)
    at Module._compile (module.js:624:30)
    at Object.Module._extensions..js (module.js:635:10)
    at Module.load (module.js:545:32)
    at tryModuleLoad (module.js:508:12)
    at Function.Module._load (module.js:500:3)
    at Module.require (module.js:568:17)
    at require (internal/module.js:11:18)
    at Object.<anonymous> (/media/larry/B89880DC98809B10/WebApps/Chingus/ChinguTeams/Voyage2-Bears-10/server/index.js:2:13)
    at Module._compile (module.js:624:30)
2017-10-08 15:40 -04:00: npm2017-10-08 15:40 -04:00:  2017-10-08 15:40 -04:00: ERR!2017-10-08 15:40 -04:00:  2017-10-08 15:40 -04:00: code2017-10-08 15:40 -04:00:  ELIFECYCLE
2017-10-08 15:40 -04:00: npm2017-10-08 15:40 -04:00:  2017-10-08 15:40 -04:00: ERR!2017-10-08 15:40 -04:00:  2017-10-08 15:40 -04:00: errno2017-10-08 15:40 -04:00:  1
2017-10-08 15:40 -04:00: npm2017-10-08 15:40 -04:00:  2017-10-08 15:40 -04:00: ERR!2017-10-08 15:40 -04:00:  voyage2-bears-team-10@1.0.0 start: `node index.js`
2017-10-08 15:40 -04:00: npm2017-10-08 15:40 -04:00:  2017-10-08 15:40 -04:00: ERR!2017-10-08 15:40 -04:00:  Exit status 1
2017-10-08 15:40 -04:00: npm2017-10-08 15:40 -04:00:  2017-10-08 15:40 -04:00: ERR!2017-10-08 15:40 -04:00:  
2017-10-08 15:40 -04:00: npm2017-10-08 15:40 -04:00:  2017-10-08 15:40 -04:00: ERR!2017-10-08 15:40 -04:00:  Failed at the voyage2-bears-team-10@1.0.0 start script.
npm ERR! This is probably not a problem with npm. There is likely additional logging output above.
2017-10-08 15:40 -04:00: 
2017-10-08 15:40 -04:00: npm2017-10-08 15:40 -04:00:  2017-10-08 15:40 -04:00: ERR!2017-10-08 15:40 -04:00:  A complete log of this run can be found in:
2017-10-08 15:40 -04:00: npm2017-10-08 15:40 -04:00:  2017-10-08 15:40 -04:00: ERR!2017-10-08 15:40 -04:00:      /home/larry/.npm/_logs/2017-10-08T19_40_14_681Z-debug.log
2017-10-08 15:40 -04:00: /media/larry/B89880DC98809B10/WebApps/Chingus/ChinguTeams/Voyage2-Bears-10/server/express.js:11
  app.use(express.static('client/build'));
          ^

ReferenceError: express is not defined
    at Object.<anonymous> (/media/larry/B89880DC98809B10/WebApps/Chingus/ChinguTeams/Voyage2-Bears-10/server/express.js:11:11)
    at Module._compile (module.js:624:30)
    at Object.Module._extensions..js (module.js:635:10)
    at Module.load (module.js:545:32)
    at tryModuleLoad (module.js:508:12)
    at Function.Module._load (module.js:500:3)
    at Module.require (module.js:568:17)
    at require (internal/module.js:11:18)
    at Object.<anonymous> (/media/larry/B89880DC98809B10/WebApps/Chingus/ChinguTeams/Voyage2-Bears-10/server/index.js:2:13)
    at Module._compile (module.js:624:30)
2017-10-08 15:40 -04:00: npm ERR!2017-10-08 15:40 -04:00:  code ELIFECYCLE
npm ERR! errno 1
npm ERR! voyage2-bears-team-10@1.0.0 start: `node index.js`
npm ERR! Exit status 1
npm 2017-10-08 15:40 -04:00: ERR! 
npm ERR! Failed at the voyage2-bears-team-10@1.0.0 start script.
npm 2017-10-08 15:40 -04:00: ERR! This is probably not a problem with npm. There is likely additional logging output above.
2017-10-08 15:40 -04:00: 
npm2017-10-08 15:40 -04:00:  ERR! A complete log of this run can be found in:
npm ERR!     /home/larry/.npm/_logs/2017-10-08T19_40_15_061Z-debug.log
2017-10-08 15:40 -04:00: /media/larry/B89880DC98809B10/WebApps/Chingus/ChinguTeams/Voyage2-Bears-10/server/express.js:11
  app.use(express.static('client/build'));
          ^

ReferenceError: express is not defined
    at Object.<anonymous> (/media/larry/B89880DC98809B10/WebApps/Chingus/ChinguTeams/Voyage2-Bears-10/server/express.js:11:11)
    at Module._compile (module.js:624:30)
    at Object.Module._extensions..js (module.js:635:10)
    at Module.load (module.js:545:32)
    at tryModuleLoad (module.js:508:12)
    at Function.Module._load (module.js:500:3)
    at Module.require (module.js:568:17)
    at require (internal/module.js:11:18)
    at Object.<anonymous> (/media/larry/B89880DC98809B10/WebApps/Chingus/ChinguTeams/Voyage2-Bears-10/server/index.js:2:13)
    at Module._compile (module.js:624:30)
2017-10-08 15:40 -04:00: npm2017-10-08 15:40 -04:00:  2017-10-08 15:40 -04:00: ERR!2017-10-08 15:40 -04:00:  2017-10-08 15:40 -04:00: code2017-10-08 15:40 -04:00:  ELIFECYCLE
2017-10-08 15:40 -04:00: npm2017-10-08 15:40 -04:00:  2017-10-08 15:40 -04:00: ERR!2017-10-08 15:40 -04:00:  2017-10-08 15:40 -04:00: errno2017-10-08 15:40 -04:00:  1
2017-10-08 15:40 -04:00: npm2017-10-08 15:40 -04:00:  2017-10-08 15:40 -04:00: ERR!2017-10-08 15:40 -04:00:  voyage2-bears-team-10@1.0.0 start: `node index.js`
2017-10-08 15:40 -04:00: npm2017-10-08 15:40 -04:00:  2017-10-08 15:40 -04:00: ERR!2017-10-08 15:40 -04:00:  Exit status 1
2017-10-08 15:40 -04:00: npm2017-10-08 15:40 -04:00:  2017-10-08 15:40 -04:00: ERR!2017-10-08 15:40 -04:00:  
2017-10-08 15:40 -04:00: npm2017-10-08 15:40 -04:00:  2017-10-08 15:40 -04:00: ERR!2017-10-08 15:40 -04:00:  Failed at the voyage2-bears-team-10@1.0.0 start script.
2017-10-08 15:40 -04:00: npm2017-10-08 15:40 -04:00:  2017-10-08 15:40 -04:00: ERR!2017-10-08 15:40 -04:00:  This is probably not a problem with npm. There is likely additional logging output above.
2017-10-08 15:40 -04:00: 
2017-10-08 15:40 -04:00: npm2017-10-08 15:40 -04:00:  2017-10-08 15:40 -04:00: ERR!2017-10-08 15:40 -04:00:  A complete log of this run can be found in:
2017-10-08 15:40 -04:00: npm ERR!     /home/larry/.npm/_logs/2017-10-08T19_40_15_424Z-debug.log
2017-10-08 15:40 -04:00: /media/larry/B89880DC98809B10/WebApps/Chingus/ChinguTeams/Voyage2-Bears-10/server/express.js:11
  app.use(express.static('client/build'));
          ^

ReferenceError: express is not defined
    at Object.<anonymous> (/media/larry/B89880DC98809B10/WebApps/Chingus/ChinguTeams/Voyage2-Bears-10/server/express.js:11:11)
    at Module._compile (module.js:624:30)
    at Object.Module._extensions..js (module.js:635:10)
    at Module.load (module.js:545:32)
    at tryModuleLoad (module.js:508:12)
    at Function.Module._load (module.js:500:3)
    at Module.require (module.js:568:17)
    at require (internal/module.js:11:18)
    at Object.<anonymous> (/media/larry/B89880DC98809B10/WebApps/Chingus/ChinguTeams/Voyage2-Bears-10/server/index.js:2:13)
    at Module._compile (module.js:624:30)
2017-10-08 15:40 -04:00: npm ERR!2017-10-08 15:40 -04:00:  code ELIFECYCLE
npm ERR! errno 1
npm ERR! voyage2-bears-team-10@1.0.0 start: `node index.js`
npm ERR! Exit status 1
2017-10-08 15:40 -04:00: npm ERR! 
npm ERR!2017-10-08 15:40 -04:00:  Failed at the voyage2-bears-team-10@1.0.0 start script.
npm ERR! This is probably not a problem with npm. There is likely additional logging output above.
2017-10-08 15:40 -04:00: 
npm2017-10-08 15:40 -04:00:  ERR! A complete log of this run can be found in:
npm ERR!     /home/larry/.npm/_logs/2017-10-08T19_40_15_814Z-debug.log
2017-10-08 15:40 -04:00: /media/larry/B89880DC98809B10/WebApps/Chingus/ChinguTeams/Voyage2-Bears-10/server/express.js:11
  app.use(express.static('client/build'));
          ^

ReferenceError: express is not defined
    at Object.<anonymous> (/media/larry/B89880DC98809B10/WebApps/Chingus/ChinguTeams/Voyage2-Bears-10/server/express.js:11:11)
    at Module._compile (module.js:624:30)
    at Object.Module._extensions..js (module.js:635:10)
    at Module.load (module.js:545:32)
    at tryModuleLoad (module.js:508:12)
    at Function.Module._load (module.js:500:3)
    at Module.require (module.js:568:17)
    at require (internal/module.js:11:18)
    at Object.<anonymous> (/media/larry/B89880DC98809B10/WebApps/Chingus/ChinguTeams/Voyage2-Bears-10/server/index.js:2:13)
    at Module._compile (module.js:624:30)
2017-10-08 15:40 -04:00: npm ERR! code ELIFECYCLE
npm ERR! errno 1
npm ERR! voyage2-bears-team-10@1.0.0 start: `node index.js`
npm ERR! Exit status 1
npm ERR! 
npm ERR! Failed at the voyage2-bears-team-10@1.0.0 start script.
npm ERR! This is probably not a problem with npm. There is likely additional logging output above.

npm ERR! A complete log of this run can be found in:
npm ERR!     /home/larry/.npm/_logs/2017-10-08T19_40_16_183Z-debug.log
2017-10-08 15:40 -04:00: /media/larry/B89880DC98809B10/WebApps/Chingus/ChinguTeams/Voyage2-Bears-10/server/express.js:11
  app.use(express.static('client/build'));
          ^

ReferenceError: express is not defined
    at Object.<anonymous> (/media/larry/B89880DC98809B10/WebApps/Chingus/ChinguTeams/Voyage2-Bears-10/server/express.js:11:11)
    at Module._compile (module.js:624:30)
    at Object.Module._extensions..js (module.js:635:10)
    at Module.load (module.js:545:32)
    at tryModuleLoad (module.js:508:12)
    at Function.Module._load (module.js:500:3)
    at Module.require (module.js:568:17)
    at require (internal/module.js:11:18)
    at Object.<anonymous> (/media/larry/B89880DC98809B10/WebApps/Chingus/ChinguTeams/Voyage2-Bears-10/server/index.js:2:13)
    at Module._compile (module.js:624:30)
2017-10-08 15:40 -04:00: npm2017-10-08 15:40 -04:00:  2017-10-08 15:40 -04:00: ERR!2017-10-08 15:40 -04:00:  2017-10-08 15:40 -04:00: code2017-10-08 15:40 -04:00:  ELIFECYCLE
2017-10-08 15:40 -04:00: npm2017-10-08 15:40 -04:00:  2017-10-08 15:40 -04:00: ERR!2017-10-08 15:40 -04:00:  2017-10-08 15:40 -04:00: errno2017-10-08 15:40 -04:00:  1
2017-10-08 15:40 -04:00: npm2017-10-08 15:40 -04:00:  2017-10-08 15:40 -04:00: ERR!2017-10-08 15:40 -04:00:  voyage2-bears-team-10@1.0.0 start: `node index.js`
2017-10-08 15:40 -04:00: npm2017-10-08 15:40 -04:00:  2017-10-08 15:40 -04:00: ERR!2017-10-08 15:40 -04:00:  Exit status 1
2017-10-08 15:40 -04:00: npm2017-10-08 15:40 -04:00:  2017-10-08 15:40 -04:00: ERR!2017-10-08 15:40 -04:00:  
2017-10-08 15:40 -04:00: npm2017-10-08 15:40 -04:00:  2017-10-08 15:40 -04:00: ERR!2017-10-08 15:40 -04:00:  Failed at the voyage2-bears-team-10@1.0.0 start script.
2017-10-08 15:40 -04:00: npm2017-10-08 15:40 -04:00:  2017-10-08 15:40 -04:00: ERR!2017-10-08 15:40 -04:00:  This is probably not a problem with npm. There is likely additional logging output above.
2017-10-08 15:40 -04:00: 
2017-10-08 15:40 -04:00: npm2017-10-08 15:40 -04:00:  2017-10-08 15:40 -04:00: ERR!2017-10-08 15:40 -04:00:  A complete log of this run can be found in:
2017-10-08 15:40 -04:00: npm2017-10-08 15:40 -04:00:  2017-10-08 15:40 -04:00: ERR!2017-10-08 15:40 -04:00:      /home/larry/.npm/_logs/2017-10-08T19_40_16_581Z-debug.log
2017-10-08 15:40 -04:00: /media/larry/B89880DC98809B10/WebApps/Chingus/ChinguTeams/Voyage2-Bears-10/server/express.js:11
  app.use(express.static('client/build'));
          ^

ReferenceError: express is not defined
    at Object.<anonymous> (/media/larry/B89880DC98809B10/WebApps/Chingus/ChinguTeams/Voyage2-Bears-10/server/express.js:11:11)
    at Module._compile (module.js:624:30)
    at Object.Module._extensions..js (module.js:635:10)
    at Module.load (module.js:545:32)
    at tryModuleLoad (module.js:508:12)
    at Function.Module._load (module.js:500:3)
    at Module.require (module.js:568:17)
    at require (internal/module.js:11:18)
    at Object.<anonymous> (/media/larry/B89880DC98809B10/WebApps/Chingus/ChinguTeams/Voyage2-Bears-10/server/index.js:2:13)
    at Module._compile (module.js:624:30)
2017-10-08 15:40 -04:00: npm2017-10-08 15:40 -04:00:  2017-10-08 15:40 -04:00: ERR!2017-10-08 15:40 -04:00:  2017-10-08 15:40 -04:00: code2017-10-08 15:40 -04:00:  ELIFECYCLE
2017-10-08 15:40 -04:00: npm2017-10-08 15:40 -04:00:  2017-10-08 15:40 -04:00: ERR! errno 1
npm ERR! voyage2-bears-team-10@1.0.0 start: `node index.js`
npm2017-10-08 15:40 -04:00:  ERR! Exit status 1
npm ERR! 
2017-10-08 15:40 -04:00: npm ERR! Failed at the voyage2-bears-team-10@1.0.0 start script.
npm ERR!2017-10-08 15:40 -04:00:  This is probably not a problem with npm. There is likely additional logging output above.
2017-10-08 15:40 -04:00: 
2017-10-08 15:40 -04:00: npm ERR! A complete log of this run can be found in:
npm ERR!     /home/larry/.npm/_logs/2017-10-08T19_40_16_994Z-debug.log
2017-10-08 15:40 -04:00: /media/larry/B89880DC98809B10/WebApps/Chingus/ChinguTeams/Voyage2-Bears-10/server/express.js:11
  app.use(express.static('client/build'));
          ^

ReferenceError: express is not defined
    at Object.<anonymous> (/media/larry/B89880DC98809B10/WebApps/Chingus/ChinguTeams/Voyage2-Bears-10/server/express.js:11:11)
    at Module._compile (module.js:624:30)
    at Object.Module._extensions..js (module.js:635:10)
    at Module.load (module.js:545:32)
    at tryModuleLoad (module.js:508:12)
    at Function.Module._load (module.js:500:3)
    at Module.require (module.js:568:17)
    at require (internal/module.js:11:18)
    at Object.<anonymous> (/media/larry/B89880DC98809B10/WebApps/Chingus/ChinguTeams/Voyage2-Bears-10/server/index.js:2:13)
    at Module._compile (module.js:624:30)
2017-10-08 15:40 -04:00: npm2017-10-08 15:40 -04:00:  ERR! code ELIFECYCLE
npm ERR! errno 1
npm ERR! voyage2-bears-team-10@1.0.0 start: `node index.js`
2017-10-08 15:40 -04:00: npm ERR! Exit status 1
npm ERR!2017-10-08 15:40 -04:00:  
npm ERR! Failed at the voyage2-bears-team-10@1.0.0 start script.
npm ERR! This is probably not a problem with npm. There is likely additional logging output above.
2017-10-08 15:40 -04:00: 
2017-10-08 15:40 -04:00: npm ERR! A complete log of this run can be found in:
npm 2017-10-08 15:40 -04:00: ERR!     /home/larry/.npm/_logs/2017-10-08T19_40_17_374Z-debug.log
2017-10-08 15:40 -04:00: /media/larry/B89880DC98809B10/WebApps/Chingus/ChinguTeams/Voyage2-Bears-10/server/express.js:11
  app.use(express.static('client/build'));
          ^

ReferenceError: express is not defined
    at Object.<anonymous> (/media/larry/B89880DC98809B10/WebApps/Chingus/ChinguTeams/Voyage2-Bears-10/server/express.js:11:11)
    at Module._compile (module.js:624:30)
    at Object.Module._extensions..js (module.js:635:10)
    at Module.load (module.js:545:32)
    at tryModuleLoad (module.js:508:12)
    at Function.Module._load (module.js:500:3)
    at Module.require (module.js:568:17)
    at require (internal/module.js:11:18)
    at Object.<anonymous> (/media/larry/B89880DC98809B10/WebApps/Chingus/ChinguTeams/Voyage2-Bears-10/server/index.js:2:13)
    at Module._compile (module.js:624:30)
2017-10-08 15:40 -04:00: npm ERR! code ELIFECYCLE
npm ERR! errno 1
npm ERR! voyage2-bears-team-10@1.0.0 start: `node index.js`
npm ERR! Exit status 1
npm ERR! 
npm ERR! Failed at the voyage2-bears-team-10@1.0.0 start script.
npm ERR! This is probably not a problem with npm. There is likely additional logging output above.

npm ERR! A complete log of this run can be found in:
npm ERR!     /home/larry/.npm/_logs/2017-10-08T19_40_17_751Z-debug.log
2017-10-08 15:40 -04:00: /media/larry/B89880DC98809B10/WebApps/Chingus/ChinguTeams/Voyage2-Bears-10/server/express.js:11
  app.use(express.static('client/build'));
          ^

ReferenceError: express is not defined
    at Object.<anonymous> (/media/larry/B89880DC98809B10/WebApps/Chingus/ChinguTeams/Voyage2-Bears-10/server/express.js:11:11)
    at Module._compile (module.js:624:30)
    at Object.Module._extensions..js (module.js:635:10)
    at Module.load (module.js:545:32)
    at tryModuleLoad (module.js:508:12)
    at Function.Module._load (module.js:500:3)
    at Module.require (module.js:568:17)
    at require (internal/module.js:11:18)
    at Object.<anonymous> (/media/larry/B89880DC98809B10/WebApps/Chingus/ChinguTeams/Voyage2-Bears-10/server/index.js:2:13)
    at Module._compile (module.js:624:30)
2017-10-08 15:40 -04:00: npm 2017-10-08 15:40 -04:00: ERR! code ELIFECYCLE
npm ERR! errno 1
npm ERR! voyage2-bears-team-10@1.0.0 start: `node index.js`
npm ERR! Exit status 1
npm 2017-10-08 15:40 -04:00: ERR! 
npm 2017-10-08 15:40 -04:00: ERR! Failed at the voyage2-bears-team-10@1.0.0 start script.
npm ERR! This is probably not a problem with npm. There is likely additional logging output above.
2017-10-08 15:40 -04:00: 
2017-10-08 15:40 -04:00: npm ERR! A complete log of this run can be found in:
npm ERR!     /home/larry/.npm/_logs/2017-10-08T19_40_18_235Z-debug.log
2017-10-08 15:40 -04:00: /media/larry/B89880DC98809B10/WebApps/Chingus/ChinguTeams/Voyage2-Bears-10/server/express.js:11
  app.use(express.static('client/build'));
          ^

ReferenceError: express is not defined
    at Object.<anonymous> (/media/larry/B89880DC98809B10/WebApps/Chingus/ChinguTeams/Voyage2-Bears-10/server/express.js:11:11)
    at Module._compile (module.js:624:30)
    at Object.Module._extensions..js (module.js:635:10)
    at Module.load (module.js:545:32)
    at tryModuleLoad (module.js:508:12)
    at Function.Module._load (module.js:500:3)
    at Module.require (module.js:568:17)
    at require (internal/module.js:11:18)
    at Object.<anonymous> (/media/larry/B89880DC98809B10/WebApps/Chingus/ChinguTeams/Voyage2-Bears-10/server/index.js:2:13)
    at Module._compile (module.js:624:30)
2017-10-08 15:40 -04:00: npm2017-10-08 15:40 -04:00:  2017-10-08 15:40 -04:00: ERR!2017-10-08 15:40 -04:00:  2017-10-08 15:40 -04:00: code2017-10-08 15:40 -04:00:  ELIFECYCLE
2017-10-08 15:40 -04:00: npm2017-10-08 15:40 -04:00:  2017-10-08 15:40 -04:00: ERR! errno 1
npm ERR! voyage2-bears-team-10@1.0.0 start: `node index.js`
npm ERR! Exit status 1
npm ERR! 
npm ERR! Failed at the voyage2-bears-team-10@1.0.0 start script.
npm ERR! This is probably not a problem with npm. There is likely additional logging output above.

npm ERR! A complete log of this run can be found in:
npm ERR!     /home/larry/.npm/_logs/2017-10-08T19_40_18_643Z-debug.log
2017-10-08 15:42 -04:00: /media/larry/B89880DC98809B10/WebApps/Chingus/ChinguTeams/Voyage2-Bears-10/server/express.js:11
  app.use(express.static('client/build'));
          ^

ReferenceError: express is not defined
    at Object.<anonymous> (/media/larry/B89880DC98809B10/WebApps/Chingus/ChinguTeams/Voyage2-Bears-10/server/express.js:11:11)
    at Module._compile (module.js:624:30)
    at Object.Module._extensions..js (module.js:635:10)
    at Module.load (module.js:545:32)
    at tryModuleLoad (module.js:508:12)
    at Function.Module._load (module.js:500:3)
    at Module.require (module.js:568:17)
    at require (internal/module.js:11:18)
    at Object.<anonymous> (/media/larry/B89880DC98809B10/WebApps/Chingus/ChinguTeams/Voyage2-Bears-10/server/index.js:2:13)
    at Module._compile (module.js:624:30)
2017-10-08 15:42 -04:00: npm2017-10-08 15:42 -04:00:  ERR! code ELIFECYCLE
npm ERR! errno 1
npm ERR!2017-10-08 15:42 -04:00:  voyage2-bears-team-10@1.0.0 start: `node index.js`
npm ERR! Exit status 1
npm 2017-10-08 15:42 -04:00: ERR! 
npm ERR! Failed at the voyage2-bears-team-10@1.0.0 start script.
npm ERR!2017-10-08 15:42 -04:00:  This is probably not a problem with npm. There is likely additional logging output above.
2017-10-08 15:42 -04:00: 
2017-10-08 15:42 -04:00: npm ERR! A complete log of this run can be found in:
npm ERR!2017-10-08 15:42 -04:00:      /home/larry/.npm/_logs/2017-10-08T19_42_50_691Z-debug.log
2017-10-08 15:42 -04:00: /media/larry/B89880DC98809B10/WebApps/Chingus/ChinguTeams/Voyage2-Bears-10/server/express.js:11
  app.use(express.static('client/build'));
          ^

ReferenceError: express is not defined
    at Object.<anonymous> (/media/larry/B89880DC98809B10/WebApps/Chingus/ChinguTeams/Voyage2-Bears-10/server/express.js:11:11)
    at Module._compile (module.js:624:30)
    at Object.Module._extensions..js (module.js:635:10)
    at Module.load (module.js:545:32)
    at tryModuleLoad (module.js:508:12)
    at Function.Module._load (module.js:500:3)
    at Module.require (module.js:568:17)
    at require (internal/module.js:11:18)
    at Object.<anonymous> (/media/larry/B89880DC98809B10/WebApps/Chingus/ChinguTeams/Voyage2-Bears-10/server/index.js:2:13)
    at Module._compile (module.js:624:30)
2017-10-08 15:42 -04:00: npm ERR!2017-10-08 15:42 -04:00:  code ELIFECYCLE
npm ERR! errno 1
npm ERR! voyage2-bears-team-10@1.0.0 start: `node index.js`
npm ERR! Exit status 1
2017-10-08 15:42 -04:00: npm ERR! 
npm ERR!2017-10-08 15:42 -04:00:  Failed at the voyage2-bears-team-10@1.0.0 start script.
npm ERR! This is probably not a problem with npm. There is likely additional logging output above.
2017-10-08 15:42 -04:00: 
npm 2017-10-08 15:42 -04:00: ERR! A complete log of this run can be found in:
npm ERR!     /home/larry/.npm/_logs/2017-10-08T19_42_51_051Z-debug.log
2017-10-08 15:42 -04:00: /media/larry/B89880DC98809B10/WebApps/Chingus/ChinguTeams/Voyage2-Bears-10/server/express.js:11
  app.use(express.static('client/build'));
          ^

ReferenceError: express is not defined
    at Object.<anonymous> (/media/larry/B89880DC98809B10/WebApps/Chingus/ChinguTeams/Voyage2-Bears-10/server/express.js:11:11)
    at Module._compile (module.js:624:30)
    at Object.Module._extensions..js (module.js:635:10)
    at Module.load (module.js:545:32)
    at tryModuleLoad (module.js:508:12)
    at Function.Module._load (module.js:500:3)
    at Module.require (module.js:568:17)
    at require (internal/module.js:11:18)
    at Object.<anonymous> (/media/larry/B89880DC98809B10/WebApps/Chingus/ChinguTeams/Voyage2-Bears-10/server/index.js:2:13)
    at Module._compile (module.js:624:30)
2017-10-08 15:42 -04:00: npm ERR!2017-10-08 15:42 -04:00:  code ELIFECYCLE
npm ERR! errno 1
npm ERR! voyage2-bears-team-10@1.0.0 start: `node index.js`
npm ERR! Exit status 1
npm 2017-10-08 15:42 -04:00: ERR! 
npm ERR! Failed at the voyage2-bears-team-10@1.0.0 start script.
npm2017-10-08 15:42 -04:00:  ERR! This is probably not a problem with npm. There is likely additional logging output above.
2017-10-08 15:42 -04:00: 
2017-10-08 15:42 -04:00: npm ERR! A complete log of this run can be found in:
npm ERR!     /home/larry/.npm/_logs/2017-10-08T19_42_51_407Z-debug.log
2017-10-08 15:42 -04:00: /media/larry/B89880DC98809B10/WebApps/Chingus/ChinguTeams/Voyage2-Bears-10/server/express.js:11
  app.use(express.static('client/build'));
          ^

ReferenceError: express is not defined
    at Object.<anonymous> (/media/larry/B89880DC98809B10/WebApps/Chingus/ChinguTeams/Voyage2-Bears-10/server/express.js:11:11)
    at Module._compile (module.js:624:30)
    at Object.Module._extensions..js (module.js:635:10)
    at Module.load (module.js:545:32)
    at tryModuleLoad (module.js:508:12)
    at Function.Module._load (module.js:500:3)
    at Module.require (module.js:568:17)
    at require (internal/module.js:11:18)
    at Object.<anonymous> (/media/larry/B89880DC98809B10/WebApps/Chingus/ChinguTeams/Voyage2-Bears-10/server/index.js:2:13)
    at Module._compile (module.js:624:30)
2017-10-08 15:42 -04:00: npm2017-10-08 15:42 -04:00:  ERR! code ELIFECYCLE
npm ERR! errno 1
npm ERR!2017-10-08 15:42 -04:00:  voyage2-bears-team-10@1.0.0 start: `node index.js`
npm ERR! Exit status 1
npm ERR!2017-10-08 15:42 -04:00:  
npm ERR! Failed at the voyage2-bears-team-10@1.0.0 start script.
npm ERR! This is probably not a problem with npm. There is likely additional logging output above.
2017-10-08 15:42 -04:00: 
2017-10-08 15:42 -04:00: npm ERR! A complete log of this run can be found in:
npm ERR!     /home/larry/.npm/_logs/2017-10-08T19_42_51_765Z-debug.log
2017-10-08 15:42 -04:00: /media/larry/B89880DC98809B10/WebApps/Chingus/ChinguTeams/Voyage2-Bears-10/server/express.js:11
  app.use(express.static('client/build'));
          ^

ReferenceError: express is not defined
    at Object.<anonymous> (/media/larry/B89880DC98809B10/WebApps/Chingus/ChinguTeams/Voyage2-Bears-10/server/express.js:11:11)
    at Module._compile (module.js:624:30)
    at Object.Module._extensions..js (module.js:635:10)
    at Module.load (module.js:545:32)
    at tryModuleLoad (module.js:508:12)
    at Function.Module._load (module.js:500:3)
    at Module.require (module.js:568:17)
    at require (internal/module.js:11:18)
    at Object.<anonymous> (/media/larry/B89880DC98809B10/WebApps/Chingus/ChinguTeams/Voyage2-Bears-10/server/index.js:2:13)
    at Module._compile (module.js:624:30)
2017-10-08 15:42 -04:00: npm2017-10-08 15:42 -04:00:  ERR! code ELIFECYCLE
npm ERR! errno 1
npm ERR!2017-10-08 15:42 -04:00:  voyage2-bears-team-10@1.0.0 start: `node index.js`
npm ERR! Exit status 1
npm ERR!2017-10-08 15:42 -04:00:  
npm ERR! Failed at the voyage2-bears-team-10@1.0.0 start script.
npm ERR! This is probably not a problem with npm. There is likely additional logging output above.
2017-10-08 15:42 -04:00: 
npm2017-10-08 15:42 -04:00:  ERR! A complete log of this run can be found in:
npm ERR!     /home/larry/.npm/_logs/2017-10-08T19_42_52_129Z-debug.log
2017-10-08 15:42 -04:00: /media/larry/B89880DC98809B10/WebApps/Chingus/ChinguTeams/Voyage2-Bears-10/server/express.js:11
  app.use(express.static('client/build'));
          ^

ReferenceError: express is not defined
    at Object.<anonymous> (/media/larry/B89880DC98809B10/WebApps/Chingus/ChinguTeams/Voyage2-Bears-10/server/express.js:11:11)
    at Module._compile (module.js:624:30)
    at Object.Module._extensions..js (module.js:635:10)
    at Module.load (module.js:545:32)
    at tryModuleLoad (module.js:508:12)
    at Function.Module._load (module.js:500:3)
    at Module.require (module.js:568:17)
    at require (internal/module.js:11:18)
    at Object.<anonymous> (/media/larry/B89880DC98809B10/WebApps/Chingus/ChinguTeams/Voyage2-Bears-10/server/index.js:2:13)
    at Module._compile (module.js:624:30)
2017-10-08 15:42 -04:00: npm2017-10-08 15:42 -04:00:  ERR! code ELIFECYCLE
npm ERR! errno 1
npm ERR! voyage2-bears-team-10@1.0.0 start: `node index.js`
npm2017-10-08 15:42 -04:00:  ERR! Exit status 1
npm ERR! 
npm ERR!2017-10-08 15:42 -04:00:  Failed at the voyage2-bears-team-10@1.0.0 start script.
npm ERR! This is probably not a problem with npm. There is likely additional logging output above.
2017-10-08 15:42 -04:00: 
2017-10-08 15:42 -04:00: npm ERR! A complete log of this run can be found in:
npm ERR!     /home/larry/.npm/_logs/2017-10-08T19_42_52_487Z-debug.log
2017-10-08 15:42 -04:00: /media/larry/B89880DC98809B10/WebApps/Chingus/ChinguTeams/Voyage2-Bears-10/server/express.js:11
  app.use(express.static('client/build'));
          ^

ReferenceError: express is not defined
    at Object.<anonymous> (/media/larry/B89880DC98809B10/WebApps/Chingus/ChinguTeams/Voyage2-Bears-10/server/express.js:11:11)
    at Module._compile (module.js:624:30)
    at Object.Module._extensions..js (module.js:635:10)
    at Module.load (module.js:545:32)
    at tryModuleLoad (module.js:508:12)
    at Function.Module._load (module.js:500:3)
    at Module.require (module.js:568:17)
    at require (internal/module.js:11:18)
    at Object.<anonymous> (/media/larry/B89880DC98809B10/WebApps/Chingus/ChinguTeams/Voyage2-Bears-10/server/index.js:2:13)
    at Module._compile (module.js:624:30)
2017-10-08 15:42 -04:00: npm ERR!2017-10-08 15:42 -04:00:  code ELIFECYCLE
npm ERR! errno 1
npm ERR! voyage2-bears-team-10@1.0.0 start: `node index.js`
npm ERR! Exit status 1
2017-10-08 15:42 -04:00: npm ERR! 
npm ERR!2017-10-08 15:42 -04:00:  Failed at the voyage2-bears-team-10@1.0.0 start script.
npm ERR! This is probably not a problem with npm. There is likely additional logging output above.
2017-10-08 15:42 -04:00: 
npm2017-10-08 15:42 -04:00:  ERR! A complete log of this run can be found in:
npm ERR!     /home/larry/.npm/_logs/2017-10-08T19_42_52_846Z-debug.log
2017-10-08 15:42 -04:00: /media/larry/B89880DC98809B10/WebApps/Chingus/ChinguTeams/Voyage2-Bears-10/server/express.js:11
  app.use(express.static('client/build'));
          ^

ReferenceError: express is not defined
    at Object.<anonymous> (/media/larry/B89880DC98809B10/WebApps/Chingus/ChinguTeams/Voyage2-Bears-10/server/express.js:11:11)
    at Module._compile (module.js:624:30)
    at Object.Module._extensions..js (module.js:635:10)
    at Module.load (module.js:545:32)
    at tryModuleLoad (module.js:508:12)
    at Function.Module._load (module.js:500:3)
    at Module.require (module.js:568:17)
    at require (internal/module.js:11:18)
    at Object.<anonymous> (/media/larry/B89880DC98809B10/WebApps/Chingus/ChinguTeams/Voyage2-Bears-10/server/index.js:2:13)
    at Module._compile (module.js:624:30)
2017-10-08 15:42 -04:00: npm2017-10-08 15:42 -04:00:  2017-10-08 15:42 -04:00: ERR!2017-10-08 15:42 -04:00:  2017-10-08 15:42 -04:00: code2017-10-08 15:42 -04:00:  ELIFECYCLE
2017-10-08 15:42 -04:00: npm2017-10-08 15:42 -04:00:  2017-10-08 15:42 -04:00: ERR!2017-10-08 15:42 -04:00:  2017-10-08 15:42 -04:00: errno 1
npm ERR! voyage2-bears-team-10@1.0.0 start: `node index.js`
npm ERR!2017-10-08 15:42 -04:00:  Exit status 1
npm ERR! 
npm ERR! Failed at the voyage2-bears-team-10@1.0.0 start script.
npm ERR! This is probably not a problem with npm. There is likely additional logging output above.
2017-10-08 15:42 -04:00: 
2017-10-08 15:42 -04:00: npm ERR! A complete log of this run can be found in:
npm ERR!2017-10-08 15:42 -04:00:      /home/larry/.npm/_logs/2017-10-08T19_42_53_205Z-debug.log
2017-10-08 15:42 -04:00: /media/larry/B89880DC98809B10/WebApps/Chingus/ChinguTeams/Voyage2-Bears-10/server/express.js:11
  app.use(express.static('client/build'));
          ^

ReferenceError: express is not defined
    at Object.<anonymous> (/media/larry/B89880DC98809B10/WebApps/Chingus/ChinguTeams/Voyage2-Bears-10/server/express.js:11:11)
    at Module._compile (module.js:624:30)
    at Object.Module._extensions..js (module.js:635:10)
    at Module.load (module.js:545:32)
    at tryModuleLoad (module.js:508:12)
    at Function.Module._load (module.js:500:3)
    at Module.require (module.js:568:17)
    at require (internal/module.js:11:18)
    at Object.<anonymous> (/media/larry/B89880DC98809B10/WebApps/Chingus/ChinguTeams/Voyage2-Bears-10/server/index.js:2:13)
    at Module._compile (module.js:624:30)
2017-10-08 15:42 -04:00: npm2017-10-08 15:42 -04:00:  2017-10-08 15:42 -04:00: ERR!2017-10-08 15:42 -04:00:  2017-10-08 15:42 -04:00: code2017-10-08 15:42 -04:00:  ELIFECYCLE
2017-10-08 15:42 -04:00: npm2017-10-08 15:42 -04:00:  2017-10-08 15:42 -04:00: ERR!2017-10-08 15:42 -04:00:  errno2017-10-08 15:42 -04:00:  1
npm ERR! voyage2-bears-team-10@1.0.0 start: `node index.js`
npm ERR! Exit status 1
2017-10-08 15:42 -04:00: npm ERR! 
npm ERR!2017-10-08 15:42 -04:00:  Failed at the voyage2-bears-team-10@1.0.0 start script.
npm ERR! This is probably not a problem with npm. There is likely additional logging output above.
2017-10-08 15:42 -04:00: 
2017-10-08 15:42 -04:00: npm ERR! A complete log of this run can be found in:
npm ERR!     /home/larry/.npm/_logs/2017-10-08T19_42_53_566Z-debug.log
2017-10-08 15:42 -04:00: /media/larry/B89880DC98809B10/WebApps/Chingus/ChinguTeams/Voyage2-Bears-10/server/express.js:11
  app.use(express.static('client/build'));
          ^

ReferenceError: express is not defined
    at Object.<anonymous> (/media/larry/B89880DC98809B10/WebApps/Chingus/ChinguTeams/Voyage2-Bears-10/server/express.js:11:11)
    at Module._compile (module.js:624:30)
    at Object.Module._extensions..js (module.js:635:10)
    at Module.load (module.js:545:32)
    at tryModuleLoad (module.js:508:12)
    at Function.Module._load (module.js:500:3)
    at Module.require (module.js:568:17)
    at require (internal/module.js:11:18)
    at Object.<anonymous> (/media/larry/B89880DC98809B10/WebApps/Chingus/ChinguTeams/Voyage2-Bears-10/server/index.js:2:13)
    at Module._compile (module.js:624:30)
2017-10-08 15:42 -04:00: npm2017-10-08 15:42 -04:00:  ERR! code ELIFECYCLE
npm ERR! errno 1
npm ERR!2017-10-08 15:42 -04:00:  voyage2-bears-team-10@1.0.0 start: `node index.js`
npm ERR! Exit status 1
npm ERR! 
2017-10-08 15:42 -04:00: npm ERR! Failed at the voyage2-bears-team-10@1.0.0 start script.
npm ERR! This is probably not a problem with npm. There is likely additional logging output above.
2017-10-08 15:42 -04:00: 
2017-10-08 15:42 -04:00: npm ERR! A complete log of this run can be found in:
npm ERR!     /home/larry/.npm/_logs/2017-10-08T19_42_53_927Z-debug.log
2017-10-08 15:42 -04:00: /media/larry/B89880DC98809B10/WebApps/Chingus/ChinguTeams/Voyage2-Bears-10/server/express.js:11
  app.use(express.static('client/build'));
          ^

ReferenceError: express is not defined
    at Object.<anonymous> (/media/larry/B89880DC98809B10/WebApps/Chingus/ChinguTeams/Voyage2-Bears-10/server/express.js:11:11)
    at Module._compile (module.js:624:30)
    at Object.Module._extensions..js (module.js:635:10)
    at Module.load (module.js:545:32)
    at tryModuleLoad (module.js:508:12)
    at Function.Module._load (module.js:500:3)
    at Module.require (module.js:568:17)
    at require (internal/module.js:11:18)
    at Object.<anonymous> (/media/larry/B89880DC98809B10/WebApps/Chingus/ChinguTeams/Voyage2-Bears-10/server/index.js:2:13)
    at Module._compile (module.js:624:30)
2017-10-08 15:42 -04:00: npm ERR!2017-10-08 15:42 -04:00:  code ELIFECYCLE
npm ERR! errno 1
npm ERR! voyage2-bears-team-10@1.0.0 start: `node index.js`
npm ERR! Exit status 1
2017-10-08 15:42 -04:00: npm ERR! 
npm ERR!2017-10-08 15:42 -04:00:  Failed at the voyage2-bears-team-10@1.0.0 start script.
npm ERR! This is probably not a problem with npm. There is likely additional logging output above.
2017-10-08 15:42 -04:00: 
npm2017-10-08 15:42 -04:00:  ERR! A complete log of this run can be found in:
npm ERR!     /home/larry/.npm/_logs/2017-10-08T19_42_54_286Z-debug.log
2017-10-08 15:42 -04:00: /media/larry/B89880DC98809B10/WebApps/Chingus/ChinguTeams/Voyage2-Bears-10/server/express.js:11
  app.use(express.static('client/build'));
          ^

ReferenceError: express is not defined
    at Object.<anonymous> (/media/larry/B89880DC98809B10/WebApps/Chingus/ChinguTeams/Voyage2-Bears-10/server/express.js:11:11)
    at Module._compile (module.js:624:30)
    at Object.Module._extensions..js (module.js:635:10)
    at Module.load (module.js:545:32)
    at tryModuleLoad (module.js:508:12)
    at Function.Module._load (module.js:500:3)
    at Module.require (module.js:568:17)
    at require (internal/module.js:11:18)
    at Object.<anonymous> (/media/larry/B89880DC98809B10/WebApps/Chingus/ChinguTeams/Voyage2-Bears-10/server/index.js:2:13)
    at Module._compile (module.js:624:30)
2017-10-08 15:42 -04:00: npm 2017-10-08 15:42 -04:00: ERR! code ELIFECYCLE
npm ERR! errno 1
npm ERR! voyage2-bears-team-10@1.0.0 start: `node index.js`
npm ERR!2017-10-08 15:42 -04:00:  Exit status 1
npm ERR! 
npm ERR!2017-10-08 15:42 -04:00:  Failed at the voyage2-bears-team-10@1.0.0 start script.
npm ERR! This is probably not a problem with npm. There is likely additional logging output above.
2017-10-08 15:42 -04:00: 
npm2017-10-08 15:42 -04:00: /media/larry/B89880DC98809B10/WebApps/Chingus/ChinguTeams/Voyage2-Bears-10/server/express.js:11
  app.use(express.static('client/build'));
          ^

ReferenceError: express is not defined
    at Object.<anonymous> (/media/larry/B89880DC98809B10/WebApps/Chingus/ChinguTeams/Voyage2-Bears-10/server/express.js:11:11)
    at Module._compile (module.js:624:30)
    at Object.Module._extensions..js (module.js:635:10)
    at Module.load (module.js:545:32)
    at tryModuleLoad (module.js:508:12)
    at Function.Module._load (module.js:500:3)
    at Module.require (module.js:568:17)
    at require (internal/module.js:11:18)
    at Object.<anonymous> (/media/larry/B89880DC98809B10/WebApps/Chingus/ChinguTeams/Voyage2-Bears-10/server/index.js:2:13)
    at Module._compile (module.js:624:30)
2017-10-08 15:42 -04:00: npm ERR! code ELIFECYCLE
npm ERR! errno 1
npm ERR! voyage2-bears-team-10@1.0.0 start: `node index.js`
npm ERR! Exit status 1
npm ERR! 
npm ERR! Failed at the voyage2-bears-team-10@1.0.0 start script.
npm ERR! This is probably not a problem with npm. There is likely additional logging output above.
2017-10-08 15:42 -04:00: 
npm ERR! A complete log of this run can be found in:
npm ERR!     /home/larry/.npm/_logs/2017-10-08T19_42_55_011Z-debug.log
2017-10-08 15:42 -04:00: /media/larry/B89880DC98809B10/WebApps/Chingus/ChinguTeams/Voyage2-Bears-10/server/express.js:11
  app.use(express.static('client/build'));
          ^

ReferenceError: express is not defined
    at Object.<anonymous> (/media/larry/B89880DC98809B10/WebApps/Chingus/ChinguTeams/Voyage2-Bears-10/server/express.js:11:11)
    at Module._compile (module.js:624:30)
    at Object.Module._extensions..js (module.js:635:10)
    at Module.load (module.js:545:32)
    at tryModuleLoad (module.js:508:12)
    at Function.Module._load (module.js:500:3)
    at Module.require (module.js:568:17)
    at require (internal/module.js:11:18)
    at Object.<anonymous> (/media/larry/B89880DC98809B10/WebApps/Chingus/ChinguTeams/Voyage2-Bears-10/server/index.js:2:13)
    at Module._compile (module.js:624:30)
2017-10-08 15:42 -04:00: npm2017-10-08 15:42 -04:00:  ERR! code ELIFECYCLE
npm ERR! errno 1
npm2017-10-08 15:42 -04:00:  ERR! voyage2-bears-team-10@1.0.0 start: `node index.js`
npm ERR! Exit status 1
2017-10-08 15:42 -04:00: npm ERR! 
npm ERR!2017-10-08 15:42 -04:00:  Failed at the voyage2-bears-team-10@1.0.0 start script.
npm ERR!2017-10-08 15:42 -04:00:  This is probably not a problem with npm. There is likely additional logging output above.
2017-10-08 15:42 -04:00: 
2017-10-08 15:42 -04:00: npm ERR! A complete log of this run can be found in:
npm ERR!2017-10-08 15:42 -04:00:      /home/larry/.npm/_logs/2017-10-08T19_42_55_372Z-debug.log
2017-10-08 15:42 -04:00: /media/larry/B89880DC98809B10/WebApps/Chingus/ChinguTeams/Voyage2-Bears-10/server/express.js:11
  app.use(express.static('client/build'));
          ^

ReferenceError: express is not defined
    at Object.<anonymous> (/media/larry/B89880DC98809B10/WebApps/Chingus/ChinguTeams/Voyage2-Bears-10/server/express.js:11:11)
    at Module._compile (module.js:624:30)
    at Object.Module._extensions..js (module.js:635:10)
    at Module.load (module.js:545:32)
    at tryModuleLoad (module.js:508:12)
    at Function.Module._load (module.js:500:3)
    at Module.require (module.js:568:17)
    at require (internal/module.js:11:18)
    at Object.<anonymous> (/media/larry/B89880DC98809B10/WebApps/Chingus/ChinguTeams/Voyage2-Bears-10/server/index.js:2:13)
    at Module._compile (module.js:624:30)
2017-10-08 15:42 -04:00: npm2017-10-08 15:42 -04:00:  ERR! code ELIFECYCLE
npm ERR! errno 1
npm ERR! voyage2-bears-team-10@1.0.0 start: `node index.js`
2017-10-08 15:42 -04:00: npm ERR! Exit status 1
npm ERR! 
npm 2017-10-08 15:42 -04:00: ERR! Failed at the voyage2-bears-team-10@1.0.0 start script.
npm ERR! This is probably not a problem with npm. There is likely additional logging output above.
2017-10-08 15:42 -04:00: 
2017-10-08 15:42 -04:00: npm ERR! A complete log of this run can be found in:
npm ERR!     /home/larry/.npm/_logs/2017-10-08T19_42_55_732Z-debug.log
2017-10-08 15:42 -04:00: /media/larry/B89880DC98809B10/WebApps/Chingus/ChinguTeams/Voyage2-Bears-10/server/express.js:11
  app.use(express.static('client/build'));
          ^

ReferenceError: express is not defined
    at Object.<anonymous> (/media/larry/B89880DC98809B10/WebApps/Chingus/ChinguTeams/Voyage2-Bears-10/server/express.js:11:11)
    at Module._compile (module.js:624:30)
    at Object.Module._extensions..js (module.js:635:10)
    at Module.load (module.js:545:32)
    at tryModuleLoad (module.js:508:12)
    at Function.Module._load (module.js:500:3)
    at Module.require (module.js:568:17)
    at require (internal/module.js:11:18)
    at Object.<anonymous> (/media/larry/B89880DC98809B10/WebApps/Chingus/ChinguTeams/Voyage2-Bears-10/server/index.js:2:13)
    at Module._compile (module.js:624:30)
2017-10-08 15:42 -04:00: npm ERR!2017-10-08 15:42 -04:00:  code ELIFECYCLE
npm ERR! errno 1
npm ERR! voyage2-bears-team-10@1.0.0 start: `node index.js`
npm2017-10-08 15:42 -04:00:  ERR! Exit status 1
npm ERR! 
2017-10-08 15:42 -04:00: npm ERR! Failed at the voyage2-bears-team-10@1.0.0 start script.
npm ERR! This is probably not a problem with npm. There is likely additional logging output above.
2017-10-08 15:42 -04:00: 
npm ERR!2017-10-08 15:42 -04:00:  A complete log of this run can be found in:
npm ERR!     /home/larry/.npm/_logs/2017-10-08T19_42_56_091Z-debug.log
